[32m[Nest] 19020  - [39m02/23/2026, 10:13:33 PM [32m    LOG[39m [38;5;3m[NestFactory] [39m[32mStarting Nest application...[39m
[32m[Nest] 19020  - [39m02/23/2026, 10:13:33 PM [32m    LOG[39m [38;5;3m[InstanceLoader] [39m[32mBullModule dependencies initialized[39m[38;5;3m +24ms[39m
[32m[Nest] 19020  - [39m02/23/2026, 10:13:33 PM [32m    LOG[39m [38;5;3m[InstanceLoader] [39m[32mPrismaModule dependencies initialized[39m[38;5;3m +6ms[39m
[32m[Nest] 19020  - [39m02/23/2026, 10:13:33 PM [32m    LOG[39m [38;5;3m[InstanceLoader] [39m[32mWebsocketModule dependencies initialized[39m[38;5;3m +2ms[39m
[32m[Nest] 19020  - [39m02/23/2026, 10:13:33 PM [32m    LOG[39m [38;5;3m[InstanceLoader] [39m[32mConfigHostModule dependencies initialized[39m[38;5;3m +3ms[39m
[32m[Nest] 19020  - [39m02/23/2026, 10:13:33 PM [32m    LOG[39m [38;5;3m[InstanceLoader] [39m[32mAppModule dependencies initialized[39m[38;5;3m +1ms[39m
[32m[Nest] 19020  - [39m02/23/2026, 10:13:33 PM [32m    LOG[39m [38;5;3m[InstanceLoader] [39m[32mDiscoveryModule dependencies initialized[39m[38;5;3m +0ms[39m
[32m[Nest] 19020  - [39m02/23/2026, 10:13:33 PM [32m    LOG[39m [38;5;3m[InstanceLoader] [39m[32mJwtModule dependencies initialized[39m[38;5;3m +0ms[39m
[32m[Nest] 19020  - [39m02/23/2026, 10:13:33 PM [32m    LOG[39m [38;5;3m[InstanceLoader] [39m[32mUsersModule dependencies initialized[39m[38;5;3m +1ms[39m
[32m[Nest] 19020  - [39m02/23/2026, 10:13:33 PM [32m    LOG[39m [38;5;3m[InstanceLoader] [39m[32mOrganizationsModule dependencies initialized[39m[38;5;3m +1ms[39m
[32m[Nest] 19020  - [39m02/23/2026, 10:13:33 PM [32m    LOG[39m [38;5;3m[InstanceLoader] [39m[32mExecutionsModule dependencies initialized[39m[38;5;3m +0ms[39m
[32m[Nest] 19020  - [39m02/23/2026, 10:13:33 PM [32m    LOG[39m [38;5;3m[InstanceLoader] [39m[32mConfigModule dependencies initialized[39m[38;5;3m +1ms[39m
[32m[Nest] 19020  - [39m02/23/2026, 10:13:33 PM [32m    LOG[39m [38;5;3m[InstanceLoader] [39m[32mConfigModule dependencies initialized[39m[38;5;3m +1ms[39m
[32m[Nest] 19020  - [39m02/23/2026, 10:13:33 PM [32m    LOG[39m [38;5;3m[InstanceLoader] [39m[32mBullModule dependencies initialized[39m[38;5;3m +3ms[39m
[32m[Nest] 19020  - [39m02/23/2026, 10:13:33 PM [32m    LOG[39m [38;5;3m[InstanceLoader] [39m[32mBullModule dependencies initialized[39m[38;5;3m +0ms[39m
[32m[Nest] 19020  - [39m02/23/2026, 10:13:33 PM [32m    LOG[39m [38;5;3m[InstanceLoader] [39m[32mJwtModule dependencies initialized[39m[38;5;3m +1ms[39m
[32m[Nest] 19020  - [39m02/23/2026, 10:13:33 PM [32m    LOG[39m [38;5;3m[InstanceLoader] [39m[32mQueueModule dependencies initialized[39m[38;5;3m +0ms[39m
[32m[Nest] 19020  - [39m02/23/2026, 10:13:33 PM [32m    LOG[39m [38;5;3m[InstanceLoader] [39m[32mAuthModule dependencies initialized[39m[38;5;3m +1ms[39m
[32m[Nest] 19020  - [39m02/23/2026, 10:13:33 PM [32m    LOG[39m [38;5;3m[InstanceLoader] [39m[32mWorkflowsModule dependencies initialized[39m[38;5;3m +0ms[39m
[32m[Nest] 19020  - [39m02/23/2026, 10:13:33 PM [32m    LOG[39m [38;5;3m[WebSocketsController] [39m[32mWorkflowGateway subscribed to the "joinOrganization" message[39m[38;5;3m +19ms[39m
[33m[Nest] 19020  - [39m02/23/2026, 10:13:33 PM [33m   WARN[39m [38;5;3m[LegacyRouteConverter] [39m[33mUnsupported route path: "/api/*". In previous versions, the symbols ?, *, and + were used to denote optional or repeating path parameters. The latest version of "path-to-regexp" now requires the use of named parameters. For example, instead of using a route like /users/* to capture all routes starting with "/users", you should use /users/*path. For more details, refer to the migration guide. Attempting to auto-convert...[39m
[32m[Nest] 19020  - [39m02/23/2026, 10:13:33 PM [32m    LOG[39m [38;5;3m[RoutesResolver] [39m[32mHealthController {/api/health}:[39m[38;5;3m +1ms[39m
[32m[Nest] 19020  - [39m02/23/2026, 10:13:33 PM [32m    LOG[39m [38;5;3m[RouterExplorer] [39m[32mMapped {/api/health, GET} route[39m[38;5;3m +2ms[39m
[32m[Nest] 19020  - [39m02/23/2026, 10:13:33 PM [32m    LOG[39m [38;5;3m[RoutesResolver] [39m[32mAuthController {/api/auth}:[39m[38;5;3m +0ms[39m
[32m[Nest] 19020  - [39m02/23/2026, 10:13:33 PM [32m    LOG[39m [38;5;3m[RouterExplorer] [39m[32mMapped {/api/auth/register, POST} route[39m[38;5;3m +1ms[39m
[32m[Nest] 19020  - [39m02/23/2026, 10:13:33 PM [32m    LOG[39m [38;5;3m[RouterExplorer] [39m[32mMapped {/api/auth/login, POST} route[39m[38;5;3m +1ms[39m
[32m[Nest] 19020  - [39m02/23/2026, 10:13:33 PM [32m    LOG[39m [38;5;3m[RouterExplorer] [39m[32mMapped {/api/auth/refresh, POST} route[39m[38;5;3m +0ms[39m
[32m[Nest] 19020  - [39m02/23/2026, 10:13:33 PM [32m    LOG[39m [38;5;3m[RoutesResolver] [39m[32mWorkflowsController {/api/workflows}:[39m[38;5;3m +1ms[39m
[32m[Nest] 19020  - [39m02/23/2026, 10:13:33 PM [32m    LOG[39m [38;5;3m[RouterExplorer] [39m[32mMapped {/api/workflows, POST} route[39m[38;5;3m +1ms[39m
[32m[Nest] 19020  - [39m02/23/2026, 10:13:33 PM [32m    LOG[39m [38;5;3m[RouterExplorer] [39m[32mMapped {/api/workflows, GET} route[39m[38;5;3m +0ms[39m
[32m[Nest] 19020  - [39m02/23/2026, 10:13:33 PM [32m    LOG[39m [38;5;3m[PrismaService] [39m[32mConnected to PostgreSQL via Prisma[39m
[32m[Nest] 19020  - [39m02/23/2026, 10:13:33 PM [32m    LOG[39m [38;5;3m[NestApplication] [39m[32mNest application successfully started[39m[38;5;3m +6ms[39m
